{"/home/prathamesh-bhujade/Downloads/devops_folder/7.DevSecOps/Capstone_Project/Expense_Tracker_App/frontend/src/App.js": {"path":"/home/prathamesh-bhujade/Downloads/devops_folder/7.DevSecOps/Capstone_Project/Expense_Tracker_App/frontend/src/App.js","statementMap":{"0":{"start":{"line":9,"column":21},"end":{"line":12,"column":1}},"1":{"start":{"line":10,"column":16},"end":{"line":10,"column":45}},"2":{"start":{"line":11,"column":2},"end":{"line":11,"column":53}},"3":{"start":{"line":14,"column":15},"end":{"line":46,"column":1}},"4":{"start":{"line":15,"column":21},"end":{"line":15,"column":44}},"5":{"start":{"line":16,"column":16},"end":{"line":16,"column":45}},"6":{"start":{"line":17,"column":19},"end":{"line":17,"column":32}},"7":{"start":{"line":19,"column":23},"end":{"line":22,"column":3}},"8":{"start":{"line":20,"column":4},"end":{"line":20,"column":13}},"9":{"start":{"line":21,"column":4},"end":{"line":21,"column":23}},"10":{"start":{"line":24,"column":2},"end":{"line":24,"column":26}},"11":{"start":{"line":24,"column":14},"end":{"line":24,"column":26}},"12":{"start":{"line":26,"column":2},"end":{"line":45,"column":4}},"13":{"start":{"line":48,"column":12},"end":{"line":73,"column":1}},"14":{"start":{"line":49,"column":2},"end":{"line":72,"column":4}}},"fnMap":{"0":{"name":"(anonymous_0)","decl":{"start":{"line":9,"column":21},"end":{"line":9,"column":22}},"loc":{"start":{"line":9,"column":39},"end":{"line":12,"column":1}},"line":9},"1":{"name":"(anonymous_1)","decl":{"start":{"line":14,"column":15},"end":{"line":14,"column":16}},"loc":{"start":{"line":14,"column":21},"end":{"line":46,"column":1}},"line":14},"2":{"name":"(anonymous_2)","decl":{"start":{"line":19,"column":23},"end":{"line":19,"column":24}},"loc":{"start":{"line":19,"column":29},"end":{"line":22,"column":3}},"line":19},"3":{"name":"(anonymous_3)","decl":{"start":{"line":48,"column":12},"end":{"line":48,"column":13}},"loc":{"start":{"line":48,"column":18},"end":{"line":73,"column":1}},"line":48}},"branchMap":{"0":{"loc":{"start":{"line":11,"column":9},"end":{"line":11,"column":52}},"type":"cond-expr","locations":[{"start":{"line":11,"column":17},"end":{"line":11,"column":25}},{"start":{"line":11,"column":28},"end":{"line":11,"column":52}}],"line":11},"1":{"loc":{"start":{"line":24,"column":2},"end":{"line":24,"column":26}},"type":"if","locations":[{"start":{"line":24,"column":2},"end":{"line":24,"column":26}},{"start":{},"end":{}}],"line":24}},"s":{"0":1,"1":1,"2":1,"3":1,"4":3,"5":3,"6":3,"7":3,"8":0,"9":0,"10":3,"11":3,"12":0,"13":1,"14":1},"f":{"0":1,"1":3,"2":0,"3":1},"b":{"0":[0,1],"1":[3,0]},"_coverageSchema":"1a1c01bbd47fc00a2c39e90264f33305004495a9","hash":"993765c81a405c4e193a592858cfb75f74161b3b"}
,"/home/prathamesh-bhujade/Downloads/devops_folder/7.DevSecOps/Capstone_Project/Expense_Tracker_App/frontend/src/api.js": {"path":"/home/prathamesh-bhujade/Downloads/devops_folder/7.DevSecOps/Capstone_Project/Expense_Tracker_App/frontend/src/api.js","statementMap":{"0":{"start":{"line":3,"column":12},"end":{"line":5,"column":2}},"1":{"start":{"line":7,"column":0},"end":{"line":16,"column":2}},"2":{"start":{"line":9,"column":22},"end":{"line":9,"column":51}},"3":{"start":{"line":10,"column":8},"end":{"line":12,"column":9}},"4":{"start":{"line":11,"column":12},"end":{"line":11,"column":61}},"5":{"start":{"line":13,"column":8},"end":{"line":13,"column":22}},"6":{"start":{"line":15,"column":15},"end":{"line":15,"column":36}}},"fnMap":{"0":{"name":"(anonymous_0)","decl":{"start":{"line":8,"column":4},"end":{"line":8,"column":5}},"loc":{"start":{"line":8,"column":16},"end":{"line":14,"column":5}},"line":8},"1":{"name":"(anonymous_1)","decl":{"start":{"line":15,"column":4},"end":{"line":15,"column":5}},"loc":{"start":{"line":15,"column":15},"end":{"line":15,"column":36}},"line":15}},"branchMap":{"0":{"loc":{"start":{"line":4,"column":13},"end":{"line":4,"column":69}},"type":"binary-expr","locations":[{"start":{"line":4,"column":13},"end":{"line":4,"column":42}},{"start":{"line":4,"column":46},"end":{"line":4,"column":69}}],"line":4},"1":{"loc":{"start":{"line":10,"column":8},"end":{"line":12,"column":9}},"type":"if","locations":[{"start":{"line":10,"column":8},"end":{"line":12,"column":9}},{"start":{},"end":{}}],"line":10}},"s":{"0":1,"1":1,"2":0,"3":0,"4":0,"5":0,"6":0},"f":{"0":0,"1":0},"b":{"0":[1,1],"1":[0,0]},"_coverageSchema":"1a1c01bbd47fc00a2c39e90264f33305004495a9","hash":"8df5f709951ab8fb209279e1e9a8fa5093db343a"}
,"/home/prathamesh-bhujade/Downloads/devops_folder/7.DevSecOps/Capstone_Project/Expense_Tracker_App/frontend/src/index.js": {"path":"/home/prathamesh-bhujade/Downloads/devops_folder/7.DevSecOps/Capstone_Project/Expense_Tracker_App/frontend/src/index.js","statementMap":{"0":{"start":{"line":7,"column":13},"end":{"line":7,"column":65}},"1":{"start":{"line":8,"column":0},"end":{"line":12,"column":2}},"2":{"start":{"line":17,"column":0},"end":{"line":17,"column":18}}},"fnMap":{},"branchMap":{},"s":{"0":0,"1":0,"2":0},"f":{},"b":{}}
,"/home/prathamesh-bhujade/Downloads/devops_folder/7.DevSecOps/Capstone_Project/Expense_Tracker_App/frontend/src/reportWebVitals.js": {"path":"/home/prathamesh-bhujade/Downloads/devops_folder/7.DevSecOps/Capstone_Project/Expense_Tracker_App/frontend/src/reportWebVitals.js","statementMap":{"0":{"start":{"line":1,"column":24},"end":{"line":11,"column":1}},"1":{"start":{"line":2,"column":2},"end":{"line":10,"column":3}},"2":{"start":{"line":3,"column":4},"end":{"line":9,"column":7}},"3":{"start":{"line":4,"column":6},"end":{"line":4,"column":26}},"4":{"start":{"line":5,"column":6},"end":{"line":5,"column":26}},"5":{"start":{"line":6,"column":6},"end":{"line":6,"column":26}},"6":{"start":{"line":7,"column":6},"end":{"line":7,"column":26}},"7":{"start":{"line":8,"column":6},"end":{"line":8,"column":27}}},"fnMap":{"0":{"name":"(anonymous_0)","decl":{"start":{"line":1,"column":24},"end":{"line":1,"column":25}},"loc":{"start":{"line":1,"column":39},"end":{"line":11,"column":1}},"line":1},"1":{"name":"(anonymous_1)","decl":{"start":{"line":3,"column":30},"end":{"line":3,"column":31}},"loc":{"start":{"line":3,"column":79},"end":{"line":9,"column":5}},"line":3}},"branchMap":{"0":{"loc":{"start":{"line":2,"column":2},"end":{"line":10,"column":3}},"type":"if","locations":[{"start":{"line":2,"column":2},"end":{"line":10,"column":3}},{"start":{},"end":{}}],"line":2},"1":{"loc":{"start":{"line":2,"column":6},"end":{"line":2,"column":52}},"type":"binary-expr","locations":[{"start":{"line":2,"column":6},"end":{"line":2,"column":17}},{"start":{"line":2,"column":21},"end":{"line":2,"column":52}}],"line":2}},"s":{"0":0,"1":0,"2":0,"3":0,"4":0,"5":0,"6":0,"7":0},"f":{"0":0,"1":0},"b":{"0":[0,0],"1":[0,0]}}
,"/home/prathamesh-bhujade/Downloads/devops_folder/7.DevSecOps/Capstone_Project/Expense_Tracker_App/frontend/src/context/AuthContext.js": {"path":"/home/prathamesh-bhujade/Downloads/devops_folder/7.DevSecOps/Capstone_Project/Expense_Tracker_App/frontend/src/context/AuthContext.js","statementMap":{"0":{"start":{"line":4,"column":27},"end":{"line":4,"column":42}},"1":{"start":{"line":6,"column":28},"end":{"line":37,"column":1}},"2":{"start":{"line":7,"column":28},"end":{"line":7,"column":42}},"3":{"start":{"line":8,"column":30},"end":{"line":8,"column":69}},"4":{"start":{"line":10,"column":4},"end":{"line":22,"column":16}},"5":{"start":{"line":11,"column":8},"end":{"line":21,"column":9}},"6":{"start":{"line":12,"column":12},"end":{"line":12,"column":79}},"7":{"start":{"line":13,"column":12},"end":{"line":13,"column":49}},"8":{"start":{"line":16,"column":12},"end":{"line":16,"column":31}},"9":{"start":{"line":18,"column":12},"end":{"line":18,"column":66}},"10":{"start":{"line":19,"column":12},"end":{"line":19,"column":45}},"11":{"start":{"line":20,"column":12},"end":{"line":20,"column":26}},"12":{"start":{"line":24,"column":18},"end":{"line":26,"column":5}},"13":{"start":{"line":25,"column":8},"end":{"line":25,"column":27}},"14":{"start":{"line":28,"column":19},"end":{"line":30,"column":5}},"15":{"start":{"line":29,"column":8},"end":{"line":29,"column":23}},"16":{"start":{"line":32,"column":4},"end":{"line":36,"column":6}}},"fnMap":{"0":{"name":"(anonymous_0)","decl":{"start":{"line":6,"column":28},"end":{"line":6,"column":29}},"loc":{"start":{"line":6,"column":46},"end":{"line":37,"column":1}},"line":6},"1":{"name":"(anonymous_1)","decl":{"start":{"line":10,"column":14},"end":{"line":10,"column":15}},"loc":{"start":{"line":10,"column":20},"end":{"line":22,"column":5}},"line":10},"2":{"name":"(anonymous_2)","decl":{"start":{"line":24,"column":18},"end":{"line":24,"column":19}},"loc":{"start":{"line":24,"column":32},"end":{"line":26,"column":5}},"line":24},"3":{"name":"(anonymous_3)","decl":{"start":{"line":28,"column":19},"end":{"line":28,"column":20}},"loc":{"start":{"line":28,"column":25},"end":{"line":30,"column":5}},"line":28}},"branchMap":{"0":{"loc":{"start":{"line":11,"column":8},"end":{"line":21,"column":9}},"type":"if","locations":[{"start":{"line":11,"column":8},"end":{"line":21,"column":9}},{"start":{"line":17,"column":15},"end":{"line":21,"column":9}}],"line":11}},"s":{"0":1,"1":1,"2":1,"3":1,"4":1,"5":1,"6":0,"7":0,"8":0,"9":1,"10":1,"11":1,"12":1,"13":0,"14":1,"15":0,"16":1},"f":{"0":1,"1":1,"2":0,"3":0},"b":{"0":[0,1]},"_coverageSchema":"1a1c01bbd47fc00a2c39e90264f33305004495a9","hash":"9fc0237b1fafb9cb1c059508eb6ef325278d55d1"}
,"/home/prathamesh-bhujade/Downloads/devops_folder/7.DevSecOps/Capstone_Project/Expense_Tracker_App/frontend/src/pages/AddTransaction.js": {"path":"/home/prathamesh-bhujade/Downloads/devops_folder/7.DevSecOps/Capstone_Project/Expense_Tracker_App/frontend/src/pages/AddTransaction.js","statementMap":{"0":{"start":{"line":5,"column":23},"end":{"line":54,"column":1}},"1":{"start":{"line":6,"column":32},"end":{"line":6,"column":44}},"2":{"start":{"line":7,"column":28},"end":{"line":7,"column":47}},"3":{"start":{"line":8,"column":36},"end":{"line":8,"column":48}},"4":{"start":{"line":9,"column":28},"end":{"line":9,"column":76}},"5":{"start":{"line":10,"column":21},"end":{"line":10,"column":34}},"6":{"start":{"line":12,"column":25},"end":{"line":25,"column":5}},"7":{"start":{"line":13,"column":8},"end":{"line":13,"column":27}},"8":{"start":{"line":14,"column":8},"end":{"line":24,"column":9}},"9":{"start":{"line":15,"column":12},"end":{"line":20,"column":15}},"10":{"start":{"line":21,"column":12},"end":{"line":21,"column":35}},"11":{"start":{"line":23,"column":12},"end":{"line":23,"column":47}},"12":{"start":{"line":27,"column":4},"end":{"line":53,"column":6}},"13":{"start":{"line":33,"column":110},"end":{"line":33,"column":135}},"14":{"start":{"line":37,"column":83},"end":{"line":37,"column":106}},"15":{"start":{"line":44,"column":98},"end":{"line":44,"column":125}},"16":{"start":{"line":48,"column":94},"end":{"line":48,"column":117}}},"fnMap":{"0":{"name":"(anonymous_0)","decl":{"start":{"line":5,"column":23},"end":{"line":5,"column":24}},"loc":{"start":{"line":5,"column":29},"end":{"line":54,"column":1}},"line":5},"1":{"name":"(anonymous_1)","decl":{"start":{"line":12,"column":25},"end":{"line":12,"column":26}},"loc":{"start":{"line":12,"column":38},"end":{"line":25,"column":5}},"line":12},"2":{"name":"(anonymous_2)","decl":{"start":{"line":33,"column":103},"end":{"line":33,"column":104}},"loc":{"start":{"line":33,"column":110},"end":{"line":33,"column":135}},"line":33},"3":{"name":"(anonymous_3)","decl":{"start":{"line":37,"column":76},"end":{"line":37,"column":77}},"loc":{"start":{"line":37,"column":83},"end":{"line":37,"column":106}},"line":37},"4":{"name":"(anonymous_4)","decl":{"start":{"line":44,"column":91},"end":{"line":44,"column":92}},"loc":{"start":{"line":44,"column":98},"end":{"line":44,"column":125}},"line":44},"5":{"name":"(anonymous_5)","decl":{"start":{"line":48,"column":87},"end":{"line":48,"column":88}},"loc":{"start":{"line":48,"column":94},"end":{"line":48,"column":117}},"line":48}},"branchMap":{},"s":{"0":1,"1":0,"2":0,"3":0,"4":0,"5":0,"6":0,"7":0,"8":0,"9":0,"10":0,"11":0,"12":0,"13":0,"14":0,"15":0,"16":0},"f":{"0":0,"1":0,"2":0,"3":0,"4":0,"5":0},"b":{},"_coverageSchema":"1a1c01bbd47fc00a2c39e90264f33305004495a9","hash":"153f7d9ded0b7355eda4576e9cec73481f40e276"}
,"/home/prathamesh-bhujade/Downloads/devops_folder/7.DevSecOps/Capstone_Project/Expense_Tracker_App/frontend/src/pages/Dashboard.js": {"path":"/home/prathamesh-bhujade/Downloads/devops_folder/7.DevSecOps/Capstone_Project/Expense_Tracker_App/frontend/src/pages/Dashboard.js","statementMap":{"0":{"start":{"line":5,"column":18},"end":{"line":88,"column":1}},"1":{"start":{"line":6,"column":44},"end":{"line":6,"column":56}},"2":{"start":{"line":7,"column":34},"end":{"line":7,"column":93}},"3":{"start":{"line":9,"column":22},"end":{"line":18,"column":5}},"4":{"start":{"line":10,"column":8},"end":{"line":17,"column":9}},"5":{"start":{"line":11,"column":25},"end":{"line":11,"column":56}},"6":{"start":{"line":12,"column":25},"end":{"line":12,"column":63}},"7":{"start":{"line":13,"column":12},"end":{"line":13,"column":39}},"8":{"start":{"line":14,"column":12},"end":{"line":14,"column":34}},"9":{"start":{"line":16,"column":12},"end":{"line":16,"column":54}},"10":{"start":{"line":20,"column":4},"end":{"line":22,"column":11}},"11":{"start":{"line":21,"column":8},"end":{"line":21,"column":20}},"12":{"start":{"line":24,"column":25},"end":{"line":29,"column":5}},"13":{"start":{"line":25,"column":8},"end":{"line":28,"column":9}},"14":{"start":{"line":26,"column":12},"end":{"line":26,"column":52}},"15":{"start":{"line":27,"column":12},"end":{"line":27,"column":24}},"16":{"start":{"line":31,"column":4},"end":{"line":87,"column":6}},"17":{"start":{"line":70,"column":24},"end":{"line":82,"column":29}},"18":{"start":{"line":80,"column":89},"end":{"line":80,"column":107}}},"fnMap":{"0":{"name":"(anonymous_0)","decl":{"start":{"line":5,"column":18},"end":{"line":5,"column":19}},"loc":{"start":{"line":5,"column":24},"end":{"line":88,"column":1}},"line":5},"1":{"name":"(anonymous_1)","decl":{"start":{"line":9,"column":22},"end":{"line":9,"column":23}},"loc":{"start":{"line":9,"column":34},"end":{"line":18,"column":5}},"line":9},"2":{"name":"(anonymous_2)","decl":{"start":{"line":20,"column":14},"end":{"line":20,"column":15}},"loc":{"start":{"line":20,"column":20},"end":{"line":22,"column":5}},"line":20},"3":{"name":"(anonymous_3)","decl":{"start":{"line":24,"column":25},"end":{"line":24,"column":26}},"loc":{"start":{"line":24,"column":39},"end":{"line":29,"column":5}},"line":24},"4":{"name":"(anonymous_4)","decl":{"start":{"line":69,"column":38},"end":{"line":69,"column":39}},"loc":{"start":{"line":70,"column":24},"end":{"line":82,"column":29}},"line":70},"5":{"name":"(anonymous_5)","decl":{"start":{"line":80,"column":83},"end":{"line":80,"column":84}},"loc":{"start":{"line":80,"column":89},"end":{"line":80,"column":107}},"line":80}},"branchMap":{"0":{"loc":{"start":{"line":25,"column":8},"end":{"line":28,"column":9}},"type":"if","locations":[{"start":{"line":25,"column":8},"end":{"line":28,"column":9}},{"start":{},"end":{}}],"line":25},"1":{"loc":{"start":{"line":74,"column":61},"end":{"line":74,"column":103}},"type":"cond-expr","locations":[{"start":{"line":74,"column":83},"end":{"line":74,"column":92}},{"start":{"line":74,"column":95},"end":{"line":74,"column":103}}],"line":74}},"s":{"0":1,"1":0,"2":0,"3":0,"4":0,"5":0,"6":0,"7":0,"8":0,"9":0,"10":0,"11":0,"12":0,"13":0,"14":0,"15":0,"16":0,"17":0,"18":0},"f":{"0":0,"1":0,"2":0,"3":0,"4":0,"5":0},"b":{"0":[0,0],"1":[0,0]},"_coverageSchema":"1a1c01bbd47fc00a2c39e90264f33305004495a9","hash":"ea4aa9532217495a25a20daa7d9507ba7b8aeb47"}
,"/home/prathamesh-bhujade/Downloads/devops_folder/7.DevSecOps/Capstone_Project/Expense_Tracker_App/frontend/src/pages/Login.js": {"path":"/home/prathamesh-bhujade/Downloads/devops_folder/7.DevSecOps/Capstone_Project/Expense_Tracker_App/frontend/src/pages/Login.js","statementMap":{"0":{"start":{"line":6,"column":14},"end":{"line":42,"column":1}},"1":{"start":{"line":7,"column":30},"end":{"line":7,"column":42}},"2":{"start":{"line":8,"column":36},"end":{"line":8,"column":48}},"3":{"start":{"line":9,"column":22},"end":{"line":9,"column":45}},"4":{"start":{"line":10,"column":21},"end":{"line":10,"column":34}},"5":{"start":{"line":11,"column":30},"end":{"line":11,"column":42}},"6":{"start":{"line":13,"column":25},"end":{"line":22,"column":5}},"7":{"start":{"line":14,"column":8},"end":{"line":14,"column":27}},"8":{"start":{"line":15,"column":8},"end":{"line":21,"column":9}},"9":{"start":{"line":16,"column":29},"end":{"line":16,"column":79}},"10":{"start":{"line":17,"column":12},"end":{"line":17,"column":46}},"11":{"start":{"line":18,"column":12},"end":{"line":18,"column":35}},"12":{"start":{"line":20,"column":12},"end":{"line":20,"column":50}},"13":{"start":{"line":24,"column":4},"end":{"line":41,"column":6}},"14":{"start":{"line":31,"column":96},"end":{"line":31,"column":120}},"15":{"start":{"line":35,"column":102},"end":{"line":35,"column":129}}},"fnMap":{"0":{"name":"(anonymous_0)","decl":{"start":{"line":6,"column":14},"end":{"line":6,"column":15}},"loc":{"start":{"line":6,"column":20},"end":{"line":42,"column":1}},"line":6},"1":{"name":"(anonymous_1)","decl":{"start":{"line":13,"column":25},"end":{"line":13,"column":26}},"loc":{"start":{"line":13,"column":38},"end":{"line":22,"column":5}},"line":13},"2":{"name":"(anonymous_2)","decl":{"start":{"line":31,"column":89},"end":{"line":31,"column":90}},"loc":{"start":{"line":31,"column":96},"end":{"line":31,"column":120}},"line":31},"3":{"name":"(anonymous_3)","decl":{"start":{"line":35,"column":95},"end":{"line":35,"column":96}},"loc":{"start":{"line":35,"column":102},"end":{"line":35,"column":129}},"line":35}},"branchMap":{"0":{"loc":{"start":{"line":27,"column":13},"end":{"line":27,"column":71}},"type":"binary-expr","locations":[{"start":{"line":27,"column":13},"end":{"line":27,"column":18}},{"start":{"line":27,"column":22},"end":{"line":27,"column":71}}],"line":27}},"s":{"0":1,"1":1,"2":1,"3":1,"4":1,"5":1,"6":1,"7":0,"8":0,"9":0,"10":0,"11":0,"12":0,"13":1,"14":0,"15":0},"f":{"0":1,"1":0,"2":0,"3":0},"b":{"0":[1,0]},"_coverageSchema":"1a1c01bbd47fc00a2c39e90264f33305004495a9","hash":"0809f9a6905c67a0e2b718f69bb66d1ed7d2bedc"}
,"/home/prathamesh-bhujade/Downloads/devops_folder/7.DevSecOps/Capstone_Project/Expense_Tracker_App/frontend/src/pages/Register.js": {"path":"/home/prathamesh-bhujade/Downloads/devops_folder/7.DevSecOps/Capstone_Project/Expense_Tracker_App/frontend/src/pages/Register.js","statementMap":{"0":{"start":{"line":5,"column":17},"end":{"line":39,"column":1}},"1":{"start":{"line":6,"column":30},"end":{"line":6,"column":42}},"2":{"start":{"line":7,"column":36},"end":{"line":7,"column":48}},"3":{"start":{"line":8,"column":21},"end":{"line":8,"column":34}},"4":{"start":{"line":9,"column":30},"end":{"line":9,"column":42}},"5":{"start":{"line":11,"column":25},"end":{"line":19,"column":5}},"6":{"start":{"line":12,"column":8},"end":{"line":12,"column":27}},"7":{"start":{"line":13,"column":8},"end":{"line":18,"column":9}},"8":{"start":{"line":14,"column":12},"end":{"line":14,"column":66}},"9":{"start":{"line":15,"column":12},"end":{"line":15,"column":31}},"10":{"start":{"line":17,"column":12},"end":{"line":17,"column":67}},"11":{"start":{"line":21,"column":4},"end":{"line":38,"column":6}},"12":{"start":{"line":28,"column":96},"end":{"line":28,"column":120}},"13":{"start":{"line":32,"column":102},"end":{"line":32,"column":129}}},"fnMap":{"0":{"name":"(anonymous_0)","decl":{"start":{"line":5,"column":17},"end":{"line":5,"column":18}},"loc":{"start":{"line":5,"column":23},"end":{"line":39,"column":1}},"line":5},"1":{"name":"(anonymous_1)","decl":{"start":{"line":11,"column":25},"end":{"line":11,"column":26}},"loc":{"start":{"line":11,"column":38},"end":{"line":19,"column":5}},"line":11},"2":{"name":"(anonymous_2)","decl":{"start":{"line":28,"column":89},"end":{"line":28,"column":90}},"loc":{"start":{"line":28,"column":96},"end":{"line":28,"column":120}},"line":28},"3":{"name":"(anonymous_3)","decl":{"start":{"line":32,"column":95},"end":{"line":32,"column":96}},"loc":{"start":{"line":32,"column":102},"end":{"line":32,"column":129}},"line":32}},"branchMap":{"0":{"loc":{"start":{"line":24,"column":13},"end":{"line":24,"column":71}},"type":"binary-expr","locations":[{"start":{"line":24,"column":13},"end":{"line":24,"column":18}},{"start":{"line":24,"column":22},"end":{"line":24,"column":71}}],"line":24}},"s":{"0":1,"1":0,"2":0,"3":0,"4":0,"5":0,"6":0,"7":0,"8":0,"9":0,"10":0,"11":0,"12":0,"13":0},"f":{"0":0,"1":0,"2":0,"3":0},"b":{"0":[0,0]},"_coverageSchema":"1a1c01bbd47fc00a2c39e90264f33305004495a9","hash":"884658b22053ef5526ca4bafde6b7334012a023b"}
}
